[debug] [2025-01-09T10:20:13.396Z] ----------------------------------------------------------------------
[debug] [2025-01-09T10:20:13.399Z] Command:       C:\Program Files\nodejs\node.exe C:\Users\iplague\AppData\Roaming\npm\node_modules\firebase-tools\lib\bin\firebase.js init
[debug] [2025-01-09T10:20:13.399Z] CLI Version:   13.29.1
[debug] [2025-01-09T10:20:13.399Z] Platform:      win32
[debug] [2025-01-09T10:20:13.399Z] Node Version:  v22.13.0
[debug] [2025-01-09T10:20:13.400Z] Time:          Thu Jan 09 2025 12:20:13 GMT+0200 (Eastern European Standard Time)
[debug] [2025-01-09T10:20:13.400Z] ----------------------------------------------------------------------
[debug] 
[debug] [2025-01-09T10:20:13.406Z] > command requires scopes: ["email","openid","https://www.googleapis.com/auth/cloudplatformprojects.readonly","https://www.googleapis.com/auth/firebase","https://www.googleapis.com/auth/cloud-platform"]
[debug] [2025-01-09T10:20:13.406Z] > authorizing via signed-in user (kskrua@gmail.com)
[info] 
     ######## #### ########  ######## ########     ###     ######  ########
     ##        ##  ##     ## ##       ##     ##  ##   ##  ##       ##
     ######    ##  ########  ######   ########  #########  ######  ######
     ##        ##  ##    ##  ##       ##     ## ##     ##       ## ##
     ##       #### ##     ## ######## ########  ##     ##  ######  ########

You're about to initialize a Firebase project in this directory:

  D:\react_calendar

[info] 
=== Project Setup
[info] 
[info] First, let's associate this project directory with a Firebase project.
[info] You can create multiple project aliases by running firebase use --add, 
[info] but for now we'll just set up a default project.
[info] 
[debug] [2025-01-09T10:20:49.028Z] Checked if tokens are valid: true, expires at: 1736421270866
[debug] [2025-01-09T10:20:49.028Z] Checked if tokens are valid: true, expires at: 1736421270866
[debug] [2025-01-09T10:20:49.030Z] >>> [apiv2][query] GET https://firebase.googleapis.com/v1beta1/projects pageSize=100
[debug] [2025-01-09T10:20:49.549Z] <<< [apiv2][status] GET https://firebase.googleapis.com/v1beta1/projects 200
[debug] [2025-01-09T10:20:49.550Z] <<< [apiv2][body] GET https://firebase.googleapis.com/v1beta1/projects [omitted]
[info] i  Using project advent-calendar-bad01 (advent-calendar) 
[info] 
=== Firestore Setup
[debug] [2025-01-09T10:20:50.437Z] Checked if tokens are valid: true, expires at: 1736421270866
[debug] [2025-01-09T10:20:50.437Z] Checked if tokens are valid: true, expires at: 1736421270866
[debug] [2025-01-09T10:20:50.437Z] >>> [apiv2][query] GET https://serviceusage.googleapis.com/v1/projects/advent-calendar-bad01/services/firestore.googleapis.com [none]
[debug] [2025-01-09T10:20:50.437Z] >>> [apiv2][(partial)header] GET https://serviceusage.googleapis.com/v1/projects/advent-calendar-bad01/services/firestore.googleapis.com x-goog-quota-user=projects/advent-calendar-bad01
[debug] [2025-01-09T10:20:51.420Z] <<< [apiv2][status] GET https://serviceusage.googleapis.com/v1/projects/advent-calendar-bad01/services/firestore.googleapis.com 200
[debug] [2025-01-09T10:20:51.420Z] <<< [apiv2][body] GET https://serviceusage.googleapis.com/v1/projects/advent-calendar-bad01/services/firestore.googleapis.com [omitted]
[debug] [2025-01-09T10:20:51.421Z] Checked if tokens are valid: true, expires at: 1736421270866
[debug] [2025-01-09T10:20:51.421Z] Checked if tokens are valid: true, expires at: 1736421270866
[debug] [2025-01-09T10:20:51.422Z] >>> [apiv2][query] GET https://firestore.googleapis.com/v1/projects/advent-calendar-bad01/databases/(default) [none]
[debug] [2025-01-09T10:20:51.715Z] <<< [apiv2][status] GET https://firestore.googleapis.com/v1/projects/advent-calendar-bad01/databases/(default) 200
[debug] [2025-01-09T10:20:51.715Z] <<< [apiv2][body] GET https://firestore.googleapis.com/v1/projects/advent-calendar-bad01/databases/(default) {"name":"projects/advent-calendar-bad01/databases/(default)","uid":"0bda8359-8f5e-4e8d-9ae6-aaa8166309b8","createTime":"2025-01-09T10:19:22.523802Z","updateTime":"2025-01-09T10:19:22.523802Z","locationId":"eur3","type":"FIRESTORE_NATIVE","concurrencyMode":"PESSIMISTIC","versionRetentionPeriod":"3600s","earliestVersionTime":"2025-01-09T10:19:22.523802Z","appEngineIntegrationMode":"DISABLED","keyPrefix":"e","pointInTimeRecoveryEnablement":"POINT_IN_TIME_RECOVERY_DISABLED","deleteProtectionState":"DELETE_PROTECTION_DISABLED","etag":"IOniy6m16IoDMJr52f606IoD"}
[debug] [2025-01-09T10:20:51.716Z] database_type: FIRESTORE_NATIVE
[debug] [2025-01-09T10:20:51.716Z] database_type: FIRESTORE_NATIVE
[debug] [2025-01-09T10:20:51.716Z] > command requires scopes: ["email","openid","https://www.googleapis.com/auth/cloudplatformprojects.readonly","https://www.googleapis.com/auth/firebase","https://www.googleapis.com/auth/cloud-platform"]
[debug] [2025-01-09T10:20:51.717Z] > authorizing via signed-in user (kskrua@gmail.com)
[debug] [2025-01-09T10:20:51.717Z] [iam] checking project advent-calendar-bad01 for permissions ["firebase.projects.get"]
[debug] [2025-01-09T10:20:51.717Z] Checked if tokens are valid: true, expires at: 1736421270866
[debug] [2025-01-09T10:20:51.718Z] Checked if tokens are valid: true, expires at: 1736421270866
[debug] [2025-01-09T10:20:51.718Z] >>> [apiv2][query] POST https://cloudresourcemanager.googleapis.com/v1/projects/advent-calendar-bad01:testIamPermissions [none]
[debug] [2025-01-09T10:20:51.718Z] >>> [apiv2][(partial)header] POST https://cloudresourcemanager.googleapis.com/v1/projects/advent-calendar-bad01:testIamPermissions x-goog-quota-user=projects/advent-calendar-bad01
[debug] [2025-01-09T10:20:51.718Z] >>> [apiv2][body] POST https://cloudresourcemanager.googleapis.com/v1/projects/advent-calendar-bad01:testIamPermissions {"permissions":["firebase.projects.get"]}
[debug] [2025-01-09T10:20:52.533Z] <<< [apiv2][status] POST https://cloudresourcemanager.googleapis.com/v1/projects/advent-calendar-bad01:testIamPermissions 200
[debug] [2025-01-09T10:20:52.533Z] <<< [apiv2][body] POST https://cloudresourcemanager.googleapis.com/v1/projects/advent-calendar-bad01:testIamPermissions {"permissions":["firebase.projects.get"]}
[info] 
[info] Firestore Security Rules allow you to define how and when to allow
[info] requests. You can keep these rules in your project directory
[info] and publish them with firebase deploy.
[info] 
[debug] [2025-01-09T10:21:00.058Z] Checked if tokens are valid: true, expires at: 1736421270866
[debug] [2025-01-09T10:21:00.058Z] Checked if tokens are valid: true, expires at: 1736421270866
[debug] [2025-01-09T10:21:00.058Z] >>> [apiv2][query] GET https://firebaserules.googleapis.com/v1/projects/advent-calendar-bad01/releases pageSize=10&pageToken=
[debug] [2025-01-09T10:21:00.870Z] <<< [apiv2][status] GET https://firebaserules.googleapis.com/v1/projects/advent-calendar-bad01/releases 200
[debug] [2025-01-09T10:21:00.870Z] <<< [apiv2][body] GET https://firebaserules.googleapis.com/v1/projects/advent-calendar-bad01/releases {"releases":[{"name":"projects/advent-calendar-bad01/releases/cloud.firestore","rulesetName":"projects/advent-calendar-bad01/rulesets/30406605-89a6-4dc3-b9e7-00840d2a1ad0","createTime":"2025-01-09T10:19:32.165982Z","updateTime":"2025-01-09T10:19:32.165982Z"}]}
[debug] [2025-01-09T10:21:00.870Z] Found ruleset: projects/advent-calendar-bad01/rulesets/30406605-89a6-4dc3-b9e7-00840d2a1ad0
[debug] [2025-01-09T10:21:00.871Z] Checked if tokens are valid: true, expires at: 1736421270866
[debug] [2025-01-09T10:21:00.871Z] Checked if tokens are valid: true, expires at: 1736421270866
[debug] [2025-01-09T10:21:00.871Z] >>> [apiv2][query] GET https://firebaserules.googleapis.com/v1/projects/advent-calendar-bad01/rulesets/30406605-89a6-4dc3-b9e7-00840d2a1ad0 [none]
[debug] [2025-01-09T10:21:01.591Z] <<< [apiv2][status] GET https://firebaserules.googleapis.com/v1/projects/advent-calendar-bad01/rulesets/30406605-89a6-4dc3-b9e7-00840d2a1ad0 200
[debug] [2025-01-09T10:21:01.591Z] <<< [apiv2][body] GET https://firebaserules.googleapis.com/v1/projects/advent-calendar-bad01/rulesets/30406605-89a6-4dc3-b9e7-00840d2a1ad0 [omitted]
[info] 
[info] Firestore indexes allow you to perform complex queries while
[info] maintaining performance that scales with the size of the result
[info] set. You can keep index definitions in your project directory
[info] and publish them with firebase deploy.
[info] 
[debug] [2025-01-09T10:21:04.275Z] Checked if tokens are valid: true, expires at: 1736421270866
[debug] [2025-01-09T10:21:04.275Z] Checked if tokens are valid: true, expires at: 1736421270866
[debug] [2025-01-09T10:21:04.275Z] Checked if tokens are valid: true, expires at: 1736421270866
[debug] [2025-01-09T10:21:04.275Z] Checked if tokens are valid: true, expires at: 1736421270866
[debug] [2025-01-09T10:21:04.275Z] >>> [apiv2][query] GET https://firestore.googleapis.com/v1/projects/advent-calendar-bad01/databases/(default)/collectionGroups/-/indexes [none]
[debug] [2025-01-09T10:21:04.278Z] >>> [apiv2][query] GET https://firestore.googleapis.com/v1/projects/advent-calendar-bad01/databases/(default)/collectionGroups/-/fields?filter=indexConfig.usesAncestorConfig=false OR ttlConfig:* [none]
[debug] [2025-01-09T10:21:04.554Z] <<< [apiv2][status] GET https://firestore.googleapis.com/v1/projects/advent-calendar-bad01/databases/(default)/collectionGroups/-/indexes 200
[debug] [2025-01-09T10:21:04.554Z] <<< [apiv2][body] GET https://firestore.googleapis.com/v1/projects/advent-calendar-bad01/databases/(default)/collectionGroups/-/indexes {}
[debug] [2025-01-09T10:21:05.835Z] <<< [apiv2][status] GET https://firestore.googleapis.com/v1/projects/advent-calendar-bad01/databases/(default)/collectionGroups/-/fields?filter=indexConfig.usesAncestorConfig=false OR ttlConfig:* 200
[debug] [2025-01-09T10:21:05.835Z] <<< [apiv2][body] GET https://firestore.googleapis.com/v1/projects/advent-calendar-bad01/databases/(default)/collectionGroups/-/fields?filter=indexConfig.usesAncestorConfig=false OR ttlConfig:* {"fields":[{"name":"projects/advent-calendar-bad01/databases/(default)/collectionGroups/__default__/fields/*","indexConfig":{"indexes":[{"queryScope":"COLLECTION","fields":[{"fieldPath":"*","order":"ASCENDING"}],"state":"READY"},{"queryScope":"COLLECTION","fields":[{"fieldPath":"*","order":"DESCENDING"}],"state":"READY"},{"queryScope":"COLLECTION","fields":[{"fieldPath":"*","arrayConfig":"CONTAINS"}],"state":"READY"}]}}]}
[info] 
=== Hosting Setup
[debug] [2025-01-09T10:21:05.839Z] Checked if tokens are valid: true, expires at: 1736421270866
[debug] [2025-01-09T10:21:05.839Z] Checked if tokens are valid: true, expires at: 1736421270866
[debug] [2025-01-09T10:21:05.839Z] >>> [apiv2][query] GET https://firebase.googleapis.com/v1beta1/projects/advent-calendar-bad01 [none]
[debug] [2025-01-09T10:21:06.139Z] <<< [apiv2][status] GET https://firebase.googleapis.com/v1beta1/projects/advent-calendar-bad01 200
[debug] [2025-01-09T10:21:06.139Z] <<< [apiv2][body] GET https://firebase.googleapis.com/v1beta1/projects/advent-calendar-bad01 {"projectId":"advent-calendar-bad01","projectNumber":"171078807890","displayName":"advent-calendar","name":"projects/advent-calendar-bad01","resources":{"hostingSite":"advent-calendar-bad01","realtimeDatabaseInstance":"advent-calendar-bad01-default-rtdb"},"state":"ACTIVE","etag":"1_9df74965-5cc0-45a5-8db9-d8cf05170bfc"}
[info] 
[info] Your public directory is the folder (relative to your project directory) that
[info] will contain Hosting assets to be uploaded with firebase deploy. If you
[info] have a build process for your assets, use your build's output directory.
[info] 
